Using pre-set license
Built from '2021.1/staging' branch; Version is '2021.1.7f1 (d91830b65d9b) revision 14227504'; Using compiler version '192528614'; Build Type 'Release'
OS: 'Windows 10 Pro; OS build 19042.1083; Version 2009; 64bit' Language: 'en' Physical Memory: 3961 MB
BatchMode: 1, IsHumanControllingUs: 0, StartBugReporterOnCrash: 0, Is64bit: 1, IsPro: 0

 COMMAND LINE ARGUMENTS:
C:\Program Files\Unity\Hub\Editor\2021.1.7f1\Editor\Unity.exe
-adb2
-batchMode
-noUpm
-name
AssetImportWorker0
-projectPath
C:/Users/tujiu/Flappy Brd
-logFile
Logs/AssetImportWorker0.log
-srvPort
53024
Successfully changed project path to: C:/Users/tujiu/Flappy Brd
C:/Users/tujiu/Flappy Brd
Using Asset Import Pipeline V2.
Refreshing native plugins compatible for Editor in 130.51 ms, found 2 plugins.
Preloading 0 native plugins for Editor in 0.00 ms.
Initialize engine version: 2021.1.7f1 (d91830b65d9b)
[Subsystems] Discovering subsystems at path C:/Program Files/Unity/Hub/Editor/2021.1.7f1/Editor/Data/Resources/UnitySubsystems
[Subsystems] Discovering subsystems at path C:/Users/tujiu/Flappy Brd/Assets
GfxDevice: creating device client; threaded=0; jobified=0
Direct3D:
    Version:  Direct3D 11.0 [level 11.1]
    Renderer: AMD Radeon HD 8500M (ID=0x666f)
    Vendor:   ATI
    VRAM:     2039 MB
    Driver:   27.20.1034.6
Initialize mono
Mono path[0] = 'C:/Program Files/Unity/Hub/Editor/2021.1.7f1/Editor/Data/Managed'
Mono path[1] = 'C:/Program Files/Unity/Hub/Editor/2021.1.7f1/Editor/Data/MonoBleedingEdge/lib/mono/unityjit'
Mono config path = 'C:/Program Files/Unity/Hub/Editor/2021.1.7f1/Editor/Data/MonoBleedingEdge/etc'
Using monoOptions --debugger-agent=transport=dt_socket,embedding=1,server=y,suspend=n,address=127.0.0.1:56760
Begin MonoManager ReloadAssembly
Registering precompiled unity dll's ...
Register platform support module: C:/Program Files/Unity/Hub/Editor/2021.1.7f1/Editor/Data/PlaybackEngines/WindowsStandaloneSupport/UnityEditor.WindowsStandalone.Extensions.dll
Registered in 0.001823 seconds.
Native extension for WindowsStandalone target not found
Refreshing native plugins compatible for Editor in 110.51 ms, found 2 plugins.
Preloading 0 native plugins for Editor in 0.00 ms.
Mono: successfully reloaded assembly
- Completed reload, in  1.461 seconds
Platform modules already initialized, skipping
Registering precompiled user dll's ...
Registered in 0.004033 seconds.
Begin MonoManager ReloadAssembly
Symbol file LoadedFromMemory doesn't match image C:\Users\tujiu\Flappy Brd\Library\PackageCache\com.unity.visualscripting@1.6.1\Editor\VisualScripting.Core\Dependencies\YamlDotNet\Unity.VisualScripting.YamlDotNet.dll
Symbol file LoadedFromMemory doesn't match image C:\Users\tujiu\Flappy Brd\Library\PackageCache\com.unity.visualscripting@1.6.1\Editor\VisualScripting.Core\Dependencies\DotNetZip\Unity.VisualScripting.IonicZip.dll
Native extension for WindowsStandalone target not found
Refreshing native plugins compatible for Editor in 147.76 ms, found 2 plugins.
Preloading 0 native plugins for Editor in 0.00 ms.
Mono: successfully reloaded assembly
- Completed reload, in  1.544 seconds
Platform modules already initialized, skipping
========================================================================
Worker process is ready to serve import requests
Launched and connected shader compiler UnityShaderCompiler.exe after 0.06 seconds
Refreshing native plugins compatible for Editor in 0.65 ms, found 2 plugins.
Preloading 0 native plugins for Editor in 0.00 ms.
Unloading 3376 Unused Serialized files (Serialized files now loaded: 0)
System memory in use before: 128.1 MB.
System memory in use after: 128.1 MB.

Unloading 28 unused Assets to reduce memory usage. Loaded Objects now: 3830.
Total: 3.394400 ms (FindLiveObjects: 0.342100 ms CreateObjectMapping: 0.171900 ms MarkObjects: 2.699100 ms  DeleteObjects: 0.179300 ms)

========================================================================
Received Import Request.
  path: Assets/sprites/GameOver.png
  artifactKey: Guid(6d114f97274cfbf469378cf6eebfd655) Importer(815301076,1909f56bfc062723c751e8b465ee728b)
Start importing Assets/sprites/GameOver.png using Guid(6d114f97274cfbf469378cf6eebfd655) Importer(815301076,1909f56bfc062723c751e8b465ee728b)  -> (artifact id: 'f492766aa7d1c46e5c1b6972def46cef') in 0.238470 seconds 
========================================================================
Received Import Request.
  Time since last request: 2.435009 seconds.
  path: Assets/sprites/MedalBronze.png
  artifactKey: Guid(d774116f4d6e008468d9e9f47d8aa250) Importer(815301076,1909f56bfc062723c751e8b465ee728b)
Start importing Assets/sprites/MedalBronze.png using Guid(d774116f4d6e008468d9e9f47d8aa250) Importer(815301076,1909f56bfc062723c751e8b465ee728b)  -> (artifact id: '54651ec8922016e085e2c7f44b636854') in 0.033971 seconds 
========================================================================
Received Import Request.
  Time since last request: 2.392450 seconds.
  path: Assets/sprites/New.png
  artifactKey: Guid(5ef271b44593bbb4cbb4eca02a21fd13) Importer(815301076,1909f56bfc062723c751e8b465ee728b)
Start importing Assets/sprites/New.png using Guid(5ef271b44593bbb4cbb4eca02a21fd13) Importer(815301076,1909f56bfc062723c751e8b465ee728b)  -> (artifact id: '7a9389b83e1f13903a0adb84944d9a1b') in 0.033569 seconds 
========================================================================
Received Import Request.
  Time since last request: 2.613561 seconds.
  path: Assets/sprites/MedalPlastic.png
  artifactKey: Guid(d8dca4cf6ffc3fc49ba7e59600ebc7c6) Importer(815301076,1909f56bfc062723c751e8b465ee728b)
Start importing Assets/sprites/MedalPlastic.png using Guid(d8dca4cf6ffc3fc49ba7e59600ebc7c6) Importer(815301076,1909f56bfc062723c751e8b465ee728b)  -> (artifact id: '47d826c24c1646de697c5b7bd3cbcc09') in 0.031448 seconds 
========================================================================
Received Import Request.
  Time since last request: 2.162730 seconds.
  path: Assets/sprites/MedalGold.png
  artifactKey: Guid(655ea5eefdc87b24293df5423afe9491) Importer(815301076,1909f56bfc062723c751e8b465ee728b)
Start importing Assets/sprites/MedalGold.png using Guid(655ea5eefdc87b24293df5423afe9491) Importer(815301076,1909f56bfc062723c751e8b465ee728b)  -> (artifact id: 'd07dda6b712d6d17bf58da3087d4482c') in 0.031307 seconds 
========================================================================
Received Import Request.
  Time since last request: 4.312215 seconds.
  path: Assets/sprites/MedalSliver.png
  artifactKey: Guid(8cafc2e7a099a6a4ba246846ff3d456d) Importer(815301076,1909f56bfc062723c751e8b465ee728b)
Start importing Assets/sprites/MedalSliver.png using Guid(8cafc2e7a099a6a4ba246846ff3d456d) Importer(815301076,1909f56bfc062723c751e8b465ee728b)  -> (artifact id: 'd7a2ed7fe2431baeadcdbfd872bd4164') in 0.034777 seconds 
========================================================================
Received Import Request.
  Time since last request: 1.943211 seconds.
  path: Assets/sprites/ImageScore.png
  artifactKey: Guid(db1fca8f7855bdd4bb8f667351a08072) Importer(815301076,1909f56bfc062723c751e8b465ee728b)
Start importing Assets/sprites/ImageScore.png using Guid(db1fca8f7855bdd4bb8f667351a08072) Importer(815301076,1909f56bfc062723c751e8b465ee728b)  -> (artifact id: '287b92450f6fc91b39c17eae43f7b3d9') in 0.033929 seconds 
========================================================================
Received Import Request.
  Time since last request: 3.999095 seconds.
  path: Assets/sprites/ButtonHighScore.png
  artifactKey: Guid(d8b9e19ee88c83349ac3630ca0bd0aaf) Importer(815301076,1909f56bfc062723c751e8b465ee728b)
Start importing Assets/sprites/ButtonHighScore.png using Guid(d8b9e19ee88c83349ac3630ca0bd0aaf) Importer(815301076,1909f56bfc062723c751e8b465ee728b)  -> (artifact id: 'f2571723b15fce4b177301c6baaef26d') in 0.031966 seconds 
========================================================================
Received Prepare
Registering precompiled user dll's ...
Registered in 0.013947 seconds.
Begin MonoManager ReloadAssembly
Symbol file LoadedFromMemory doesn't match image C:\Users\tujiu\Flappy Brd\Library\PackageCache\com.unity.visualscripting@1.6.1\Editor\VisualScripting.Core\Dependencies\YamlDotNet\Unity.VisualScripting.YamlDotNet.dll
Symbol file LoadedFromMemory doesn't match image C:\Users\tujiu\Flappy Brd\Library\PackageCache\com.unity.visualscripting@1.6.1\Editor\VisualScripting.Core\Dependencies\DotNetZip\Unity.VisualScripting.IonicZip.dll
Native extension for WindowsStandalone target not found
Refreshing native plugins compatible for Editor in 0.69 ms, found 2 plugins.
Preloading 0 native plugins for Editor in 0.00 ms.
Mono: successfully reloaded assembly
- Completed reload, in  1.362 seconds
Platform modules already initialized, skipping
Refreshing native plugins compatible for Editor in 0.62 ms, found 2 plugins.
Preloading 0 native plugins for Editor in 0.00 ms.
Unloading 3379 Unused Serialized files (Serialized files now loaded: 0)
System memory in use before: 135.4 MB.
System memory in use after: 135.5 MB.

Unloading 16 unused Assets to reduce memory usage. Loaded Objects now: 3970.
Total: 3.567600 ms (FindLiveObjects: 0.445900 ms CreateObjectMapping: 0.201900 ms MarkObjects: 2.802200 ms  DeleteObjects: 0.116600 ms)

========================================================================
Received Import Request.
  Time since last request: 2004.282299 seconds.
  path: Assets/Script/GameManager.cs
  artifactKey: Guid(b20f6a5493fd2f04eaf53d80d6ffbb09) Importer(815301076,1909f56bfc062723c751e8b465ee728b)
Start importing Assets/Script/GameManager.cs using Guid(b20f6a5493fd2f04eaf53d80d6ffbb09) Importer(815301076,1909f56bfc062723c751e8b465ee728b)  -> (artifact id: '820046910e8ad42ce4d98dd452924b27') in 0.031855 seconds 
========================================================================
Received Prepare
Registering precompiled user dll's ...
Registered in 0.007195 seconds.
Begin MonoManager ReloadAssembly
Symbol file LoadedFromMemory doesn't match image C:\Users\tujiu\Flappy Brd\Library\PackageCache\com.unity.visualscripting@1.6.1\Editor\VisualScripting.Core\Dependencies\YamlDotNet\Unity.VisualScripting.YamlDotNet.dll
Symbol file LoadedFromMemory doesn't match image C:\Users\tujiu\Flappy Brd\Library\PackageCache\com.unity.visualscripting@1.6.1\Editor\VisualScripting.Core\Dependencies\DotNetZip\Unity.VisualScripting.IonicZip.dll
Native extension for WindowsStandalone target not found
Refreshing native plugins compatible for Editor in 0.63 ms, found 2 plugins.
Preloading 0 native plugins for Editor in 0.00 ms.
Mono: successfully reloaded assembly
- Completed reload, in  1.112 seconds
Platform modules already initialized, skipping
Refreshing native plugins compatible for Editor in 0.67 ms, found 2 plugins.
Preloading 0 native plugins for Editor in 0.00 ms.
Unloading 3371 Unused Serialized files (Serialized files now loaded: 0)
System memory in use before: 135.2 MB.
System memory in use after: 135.3 MB.

Unloading 16 unused Assets to reduce memory usage. Loaded Objects now: 3974.
Total: 3.041100 ms (FindLiveObjects: 0.318800 ms CreateObjectMapping: 0.163100 ms MarkObjects: 2.422500 ms  DeleteObjects: 0.135700 ms)

========================================================================
Received Prepare
Registering precompiled user dll's ...
Registered in 0.004912 seconds.
Begin MonoManager ReloadAssembly
Symbol file LoadedFromMemory doesn't match image C:\Users\tujiu\Flappy Brd\Library\PackageCache\com.unity.visualscripting@1.6.1\Editor\VisualScripting.Core\Dependencies\YamlDotNet\Unity.VisualScripting.YamlDotNet.dll
Symbol file LoadedFromMemory doesn't match image C:\Users\tujiu\Flappy Brd\Library\PackageCache\com.unity.visualscripting@1.6.1\Editor\VisualScripting.Core\Dependencies\DotNetZip\Unity.VisualScripting.IonicZip.dll
Native extension for WindowsStandalone target not found
Refreshing native plugins compatible for Editor in 0.77 ms, found 2 plugins.
Preloading 0 native plugins for Editor in 0.00 ms.
Mono: successfully reloaded assembly
- Completed reload, in  1.633 seconds
Platform modules already initialized, skipping
Refreshing native plugins compatible for Editor in 0.78 ms, found 2 plugins.
Preloading 0 native plugins for Editor in 0.00 ms.
Unloading 3371 Unused Serialized files (Serialized files now loaded: 0)
System memory in use before: 135.2 MB.
System memory in use after: 135.3 MB.

Unloading 16 unused Assets to reduce memory usage. Loaded Objects now: 3978.
Total: 3.346500 ms (FindLiveObjects: 0.313200 ms CreateObjectMapping: 0.153000 ms MarkObjects: 2.764000 ms  DeleteObjects: 0.115100 ms)

========================================================================
Received Prepare
Registering precompiled user dll's ...
Registered in 0.010018 seconds.
Begin MonoManager ReloadAssembly
Symbol file LoadedFromMemory doesn't match image C:\Users\tujiu\Flappy Brd\Library\PackageCache\com.unity.visualscripting@1.6.1\Editor\VisualScripting.Core\Dependencies\YamlDotNet\Unity.VisualScripting.YamlDotNet.dll
Symbol file LoadedFromMemory doesn't match image C:\Users\tujiu\Flappy Brd\Library\PackageCache\com.unity.visualscripting@1.6.1\Editor\VisualScripting.Core\Dependencies\DotNetZip\Unity.VisualScripting.IonicZip.dll
Native extension for WindowsStandalone target not found
Refreshing native plugins compatible for Editor in 1.31 ms, found 2 plugins.
Preloading 0 native plugins for Editor in 0.00 ms.
Mono: successfully reloaded assembly
- Completed reload, in  1.900 seconds
Platform modules already initialized, skipping
Refreshing native plugins compatible for Editor in 1.73 ms, found 2 plugins.
Preloading 0 native plugins for Editor in 0.00 ms.
Unloading 3371 Unused Serialized files (Serialized files now loaded: 0)
System memory in use before: 135.2 MB.
System memory in use after: 135.3 MB.

Unloading 16 unused Assets to reduce memory usage. Loaded Objects now: 3982.
Total: 7.795900 ms (FindLiveObjects: 0.825200 ms CreateObjectMapping: 0.383600 ms MarkObjects: 6.212900 ms  DeleteObjects: 0.371700 ms)

========================================================================
Received Prepare
Registering precompiled user dll's ...
Registered in 0.004644 seconds.
Begin MonoManager ReloadAssembly
Symbol file LoadedFromMemory doesn't match image C:\Users\tujiu\Flappy Brd\Library\PackageCache\com.unity.visualscripting@1.6.1\Editor\VisualScripting.Core\Dependencies\YamlDotNet\Unity.VisualScripting.YamlDotNet.dll
Symbol file LoadedFromMemory doesn't match image C:\Users\tujiu\Flappy Brd\Library\PackageCache\com.unity.visualscripting@1.6.1\Editor\VisualScripting.Core\Dependencies\DotNetZip\Unity.VisualScripting.IonicZip.dll
Native extension for WindowsStandalone target not found
Refreshing native plugins compatible for Editor in 0.73 ms, found 2 plugins.
Preloading 0 native plugins for Editor in 0.00 ms.
Mono: successfully reloaded assembly
- Completed reload, in  1.359 seconds
Platform modules already initialized, skipping
Refreshing native plugins compatible for Editor in 0.64 ms, found 2 plugins.
Preloading 0 native plugins for Editor in 0.00 ms.
Unloading 3371 Unused Serialized files (Serialized files now loaded: 0)
System memory in use before: 135.2 MB.
System memory in use after: 135.3 MB.

Unloading 16 unused Assets to reduce memory usage. Loaded Objects now: 3986.
Total: 3.231500 ms (FindLiveObjects: 0.309900 ms CreateObjectMapping: 0.183800 ms MarkObjects: 2.631400 ms  DeleteObjects: 0.105200 ms)

========================================================================
Received Import Request.
  Time since last request: 2080.242160 seconds.
  path: Assets/Script/HighScoreText.cs
  artifactKey: Guid(29020e648a9b03b44b47d5a5fc156bff) Importer(815301076,1909f56bfc062723c751e8b465ee728b)
Start importing Assets/Script/HighScoreText.cs using Guid(29020e648a9b03b44b47d5a5fc156bff) Importer(815301076,1909f56bfc062723c751e8b465ee728b)  -> (artifact id: 'e3e2b0e23a22f8851e4dd268435a6e3d') in 0.023455 seconds 
========================================================================
Received Prepare
Registering precompiled user dll's ...
Registered in 0.003473 seconds.
Begin MonoManager ReloadAssembly
Symbol file LoadedFromMemory doesn't match image C:\Users\tujiu\Flappy Brd\Library\PackageCache\com.unity.visualscripting@1.6.1\Editor\VisualScripting.Core\Dependencies\YamlDotNet\Unity.VisualScripting.YamlDotNet.dll
Symbol file LoadedFromMemory doesn't match image C:\Users\tujiu\Flappy Brd\Library\PackageCache\com.unity.visualscripting@1.6.1\Editor\VisualScripting.Core\Dependencies\DotNetZip\Unity.VisualScripting.IonicZip.dll
Native extension for WindowsStandalone target not found
Refreshing native plugins compatible for Editor in 1.04 ms, found 2 plugins.
Preloading 0 native plugins for Editor in 0.00 ms.
Mono: successfully reloaded assembly
- Completed reload, in  1.382 seconds
Platform modules already initialized, skipping
Refreshing native plugins compatible for Editor in 0.63 ms, found 2 plugins.
Preloading 0 native plugins for Editor in 0.00 ms.
Unloading 3371 Unused Serialized files (Serialized files now loaded: 0)
System memory in use before: 135.3 MB.
System memory in use after: 135.4 MB.

Unloading 16 unused Assets to reduce memory usage. Loaded Objects now: 3990.
Total: 3.095000 ms (FindLiveObjects: 0.362100 ms CreateObjectMapping: 0.168900 ms MarkObjects: 2.463100 ms  DeleteObjects: 0.099800 ms)

========================================================================
Received Import Request.
  Time since last request: 19.563429 seconds.
  path: Assets/Script/HighScoreText.cs
  artifactKey: Guid(29020e648a9b03b44b47d5a5fc156bff) Importer(815301076,1909f56bfc062723c751e8b465ee728b)
Start importing Assets/Script/HighScoreText.cs using Guid(29020e648a9b03b44b47d5a5fc156bff) Importer(815301076,1909f56bfc062723c751e8b465ee728b)  -> (artifact id: 'a69ecc37508455531e0e4057df747ebc') in 0.007752 seconds 
========================================================================
Received Import Request.
  Time since last request: 28.994039 seconds.
  path: Assets/Script/Scoretext.cs
  artifactKey: Guid(e955fc8694d8e1d45a77548175fba8a7) Importer(815301076,1909f56bfc062723c751e8b465ee728b)
Start importing Assets/Script/Scoretext.cs using Guid(e955fc8694d8e1d45a77548175fba8a7) Importer(815301076,1909f56bfc062723c751e8b465ee728b)  -> (artifact id: 'b23d18cd949201369d8d00d721994fa6') in 0.028193 seconds 
========================================================================
Received Prepare
Registering precompiled user dll's ...
Registered in 0.003347 seconds.
Begin MonoManager ReloadAssembly
Symbol file LoadedFromMemory doesn't match image C:\Users\tujiu\Flappy Brd\Library\PackageCache\com.unity.visualscripting@1.6.1\Editor\VisualScripting.Core\Dependencies\YamlDotNet\Unity.VisualScripting.YamlDotNet.dll
Symbol file LoadedFromMemory doesn't match image C:\Users\tujiu\Flappy Brd\Library\PackageCache\com.unity.visualscripting@1.6.1\Editor\VisualScripting.Core\Dependencies\DotNetZip\Unity.VisualScripting.IonicZip.dll
Native extension for WindowsStandalone target not found
Refreshing native plugins compatible for Editor in 1.16 ms, found 2 plugins.
Preloading 0 native plugins for Editor in 0.00 ms.
Mono: successfully reloaded assembly
- Completed reload, in  1.367 seconds
Platform modules already initialized, skipping
Refreshing native plugins compatible for Editor in 0.64 ms, found 2 plugins.
Preloading 0 native plugins for Editor in 0.00 ms.
Unloading 3372 Unused Serialized files (Serialized files now loaded: 0)
System memory in use before: 135.3 MB.
System memory in use after: 135.4 MB.

Unloading 16 unused Assets to reduce memory usage. Loaded Objects now: 3995.
Total: 2.845800 ms (FindLiveObjects: 0.323200 ms CreateObjectMapping: 0.167000 ms MarkObjects: 2.253400 ms  DeleteObjects: 0.101000 ms)

========================================================================
Received Import Request.
  Time since last request: 48.763160 seconds.
  path: Assets/Script/Scoretext.cs
  artifactKey: Guid(e955fc8694d8e1d45a77548175fba8a7) Importer(815301076,1909f56bfc062723c751e8b465ee728b)
Start importing Assets/Script/Scoretext.cs using Guid(e955fc8694d8e1d45a77548175fba8a7) Importer(815301076,1909f56bfc062723c751e8b465ee728b)  -> (artifact id: '5c6c32f664845e2248339b31d8ccc542') in 0.007881 seconds 
========================================================================
Received Prepare
Registering precompiled user dll's ...
Registered in 0.004991 seconds.
Begin MonoManager ReloadAssembly
Symbol file LoadedFromMemory doesn't match image C:\Users\tujiu\Flappy Brd\Library\PackageCache\com.unity.visualscripting@1.6.1\Editor\VisualScripting.Core\Dependencies\YamlDotNet\Unity.VisualScripting.YamlDotNet.dll
Symbol file LoadedFromMemory doesn't match image C:\Users\tujiu\Flappy Brd\Library\PackageCache\com.unity.visualscripting@1.6.1\Editor\VisualScripting.Core\Dependencies\DotNetZip\Unity.VisualScripting.IonicZip.dll
Native extension for WindowsStandalone target not found
Refreshing native plugins compatible for Editor in 5.98 ms, found 2 plugins.
Preloading 0 native plugins for Editor in 0.00 ms.
Mono: successfully reloaded assembly
- Completed reload, in  3.108 seconds
Platform modules already initialized, skipping
Refreshing native plugins compatible for Editor in 0.66 ms, found 2 plugins.
Preloading 0 native plugins for Editor in 0.00 ms.
Unloading 3371 Unused Serialized files (Serialized files now loaded: 0)
System memory in use before: 135.3 MB.
System memory in use after: 135.4 MB.

Unloading 17 unused Assets to reduce memory usage. Loaded Objects now: 3998.
Total: 4.104900 ms (FindLiveObjects: 0.313400 ms CreateObjectMapping: 0.226400 ms MarkObjects: 3.415800 ms  DeleteObjects: 0.147500 ms)

========================================================================
Received Import Request.
  Time since last request: 142.617066 seconds.
  path: Assets/Script/ScoreText.cs
  artifactKey: Guid(e955fc8694d8e1d45a77548175fba8a7) Importer(815301076,1909f56bfc062723c751e8b465ee728b)
Start importing Assets/Script/ScoreText.cs using Guid(e955fc8694d8e1d45a77548175fba8a7) Importer(815301076,1909f56bfc062723c751e8b465ee728b)  -> (artifact id: 'cca26ed39e64177417ae86fb1a294bc8') in 0.028616 seconds 
========================================================================
Received Prepare
Registering precompiled user dll's ...
Registered in 0.004130 seconds.
Begin MonoManager ReloadAssembly
Symbol file LoadedFromMemory doesn't match image C:\Users\tujiu\Flappy Brd\Library\PackageCache\com.unity.visualscripting@1.6.1\Editor\VisualScripting.Core\Dependencies\YamlDotNet\Unity.VisualScripting.YamlDotNet.dll
Symbol file LoadedFromMemory doesn't match image C:\Users\tujiu\Flappy Brd\Library\PackageCache\com.unity.visualscripting@1.6.1\Editor\VisualScripting.Core\Dependencies\DotNetZip\Unity.VisualScripting.IonicZip.dll
Native extension for WindowsStandalone target not found
Refreshing native plugins compatible for Editor in 0.96 ms, found 2 plugins.
Preloading 0 native plugins for Editor in 0.00 ms.
Mono: successfully reloaded assembly
- Completed reload, in  1.518 seconds
Platform modules already initialized, skipping
Refreshing native plugins compatible for Editor in 0.64 ms, found 2 plugins.
Preloading 0 native plugins for Editor in 0.00 ms.
Unloading 3372 Unused Serialized files (Serialized files now loaded: 0)
System memory in use before: 135.3 MB.
System memory in use after: 135.4 MB.

Unloading 16 unused Assets to reduce memory usage. Loaded Objects now: 4003.
Total: 3.743500 ms (FindLiveObjects: 0.309700 ms CreateObjectMapping: 0.172300 ms MarkObjects: 3.142500 ms  DeleteObjects: 0.117700 ms)

========================================================================
Received Prepare
Registering precompiled user dll's ...
Registered in 0.005261 seconds.
Begin MonoManager ReloadAssembly
Symbol file LoadedFromMemory doesn't match image C:\Users\tujiu\Flappy Brd\Library\PackageCache\com.unity.visualscripting@1.6.1\Editor\VisualScripting.Core\Dependencies\YamlDotNet\Unity.VisualScripting.YamlDotNet.dll
Symbol file LoadedFromMemory doesn't match image C:\Users\tujiu\Flappy Brd\Library\PackageCache\com.unity.visualscripting@1.6.1\Editor\VisualScripting.Core\Dependencies\DotNetZip\Unity.VisualScripting.IonicZip.dll
Native extension for WindowsStandalone target not found
Refreshing native plugins compatible for Editor in 0.76 ms, found 2 plugins.
Preloading 0 native plugins for Editor in 0.00 ms.
Mono: successfully reloaded assembly
- Completed reload, in  1.442 seconds
Platform modules already initialized, skipping
Refreshing native plugins compatible for Editor in 0.67 ms, found 2 plugins.
Preloading 0 native plugins for Editor in 0.00 ms.
Unloading 3372 Unused Serialized files (Serialized files now loaded: 0)
System memory in use before: 135.3 MB.
System memory in use after: 135.4 MB.

Unloading 16 unused Assets to reduce memory usage. Loaded Objects now: 4007.
Total: 2.891200 ms (FindLiveObjects: 0.322900 ms CreateObjectMapping: 0.202900 ms MarkObjects: 2.262500 ms  DeleteObjects: 0.101900 ms)

========================================================================
Received Import Request.
  Time since last request: 129.829116 seconds.
  path: Assets/Script/ScoreText.cs
  artifactKey: Guid(e955fc8694d8e1d45a77548175fba8a7) Importer(815301076,1909f56bfc062723c751e8b465ee728b)
Start importing Assets/Script/ScoreText.cs using Guid(e955fc8694d8e1d45a77548175fba8a7) Importer(815301076,1909f56bfc062723c751e8b465ee728b)  -> (artifact id: '6691a7ea06ffed9385a7685ce2912f08') in 0.007030 seconds 
========================================================================
Received Prepare
Registering precompiled user dll's ...
Registered in 0.004226 seconds.
Begin MonoManager ReloadAssembly
Symbol file LoadedFromMemory doesn't match image C:\Users\tujiu\Flappy Brd\Library\PackageCache\com.unity.visualscripting@1.6.1\Editor\VisualScripting.Core\Dependencies\YamlDotNet\Unity.VisualScripting.YamlDotNet.dll
Symbol file LoadedFromMemory doesn't match image C:\Users\tujiu\Flappy Brd\Library\PackageCache\com.unity.visualscripting@1.6.1\Editor\VisualScripting.Core\Dependencies\DotNetZip\Unity.VisualScripting.IonicZip.dll
Native extension for WindowsStandalone target not found
Refreshing native plugins compatible for Editor in 0.64 ms, found 2 plugins.
Preloading 0 native plugins for Editor in 0.00 ms.
Mono: successfully reloaded assembly
- Completed reload, in  1.104 seconds
Platform modules already initialized, skipping
Refreshing native plugins compatible for Editor in 0.72 ms, found 2 plugins.
Preloading 0 native plugins for Editor in 0.00 ms.
Unloading 3372 Unused Serialized files (Serialized files now loaded: 0)
System memory in use before: 135.3 MB.
System memory in use after: 135.4 MB.

Unloading 16 unused Assets to reduce memory usage. Loaded Objects now: 4011.
Total: 3.050600 ms (FindLiveObjects: 0.388900 ms CreateObjectMapping: 0.153200 ms MarkObjects: 2.408600 ms  DeleteObjects: 0.099000 ms)

========================================================================
Received Prepare
Registering precompiled user dll's ...
Registered in 0.005269 seconds.
Begin MonoManager ReloadAssembly
Symbol file LoadedFromMemory doesn't match image C:\Users\tujiu\Flappy Brd\Library\PackageCache\com.unity.visualscripting@1.6.1\Editor\VisualScripting.Core\Dependencies\YamlDotNet\Unity.VisualScripting.YamlDotNet.dll
Symbol file LoadedFromMemory doesn't match image C:\Users\tujiu\Flappy Brd\Library\PackageCache\com.unity.visualscripting@1.6.1\Editor\VisualScripting.Core\Dependencies\DotNetZip\Unity.VisualScripting.IonicZip.dll
Native extension for WindowsStandalone target not found
Refreshing native plugins compatible for Editor in 0.73 ms, found 2 plugins.
Preloading 0 native plugins for Editor in 0.00 ms.
Mono: successfully reloaded assembly
- Completed reload, in  1.549 seconds
Platform modules already initialized, skipping
Refreshing native plugins compatible for Editor in 0.67 ms, found 2 plugins.
Preloading 0 native plugins for Editor in 0.00 ms.
Unloading 3372 Unused Serialized files (Serialized files now loaded: 0)
System memory in use before: 135.4 MB.
System memory in use after: 135.5 MB.

Unloading 16 unused Assets to reduce memory usage. Loaded Objects now: 4015.
Total: 3.950800 ms (FindLiveObjects: 0.523300 ms CreateObjectMapping: 0.257800 ms MarkObjects: 3.058600 ms  DeleteObjects: 0.109900 ms)

========================================================================
Received Prepare
Registering precompiled user dll's ...
Registered in 0.004964 seconds.
Begin MonoManager ReloadAssembly
Symbol file LoadedFromMemory doesn't match image C:\Users\tujiu\Flappy Brd\Library\PackageCache\com.unity.visualscripting@1.6.1\Editor\VisualScripting.Core\Dependencies\YamlDotNet\Unity.VisualScripting.YamlDotNet.dll
Symbol file LoadedFromMemory doesn't match image C:\Users\tujiu\Flappy Brd\Library\PackageCache\com.unity.visualscripting@1.6.1\Editor\VisualScripting.Core\Dependencies\DotNetZip\Unity.VisualScripting.IonicZip.dll
Native extension for WindowsStandalone target not found
Refreshing native plugins compatible for Editor in 0.71 ms, found 2 plugins.
Preloading 0 native plugins for Editor in 0.00 ms.
Mono: successfully reloaded assembly
- Completed reload, in  1.318 seconds
Platform modules already initialized, skipping
Refreshing native plugins compatible for Editor in 0.67 ms, found 2 plugins.
Preloading 0 native plugins for Editor in 0.00 ms.
Unloading 3372 Unused Serialized files (Serialized files now loaded: 0)
System memory in use before: 135.4 MB.
System memory in use after: 135.5 MB.

Unloading 16 unused Assets to reduce memory usage. Loaded Objects now: 4019.
Total: 3.481400 ms (FindLiveObjects: 0.400600 ms CreateObjectMapping: 0.222100 ms MarkObjects: 2.707800 ms  DeleteObjects: 0.149700 ms)

========================================================================
Received Prepare
Registering precompiled user dll's ...
Registered in 0.004920 seconds.
Begin MonoManager ReloadAssembly
Symbol file LoadedFromMemory doesn't match image C:\Users\tujiu\Flappy Brd\Library\PackageCache\com.unity.visualscripting@1.6.1\Editor\VisualScripting.Core\Dependencies\YamlDotNet\Unity.VisualScripting.YamlDotNet.dll
Symbol file LoadedFromMemory doesn't match image C:\Users\tujiu\Flappy Brd\Library\PackageCache\com.unity.visualscripting@1.6.1\Editor\VisualScripting.Core\Dependencies\DotNetZip\Unity.VisualScripting.IonicZip.dll
Native extension for WindowsStandalone target not found
Refreshing native plugins compatible for Editor in 1.33 ms, found 2 plugins.
Preloading 0 native plugins for Editor in 0.00 ms.
Mono: successfully reloaded assembly
- Completed reload, in  1.793 seconds
Platform modules already initialized, skipping
Refreshing native plugins compatible for Editor in 0.80 ms, found 2 plugins.
Preloading 0 native plugins for Editor in 0.00 ms.
Unloading 3372 Unused Serialized files (Serialized files now loaded: 0)
System memory in use before: 135.4 MB.
System memory in use after: 135.5 MB.

Unloading 16 unused Assets to reduce memory usage. Loaded Objects now: 4023.
Total: 4.605200 ms (FindLiveObjects: 0.853100 ms CreateObjectMapping: 0.337100 ms MarkObjects: 3.296700 ms  DeleteObjects: 0.116700 ms)

========================================================================
Received Prepare
Registering precompiled user dll's ...
Registered in 0.004294 seconds.
Begin MonoManager ReloadAssembly
Symbol file LoadedFromMemory doesn't match image C:\Users\tujiu\Flappy Brd\Library\PackageCache\com.unity.visualscripting@1.6.1\Editor\VisualScripting.Core\Dependencies\YamlDotNet\Unity.VisualScripting.YamlDotNet.dll
Symbol file LoadedFromMemory doesn't match image C:\Users\tujiu\Flappy Brd\Library\PackageCache\com.unity.visualscripting@1.6.1\Editor\VisualScripting.Core\Dependencies\DotNetZip\Unity.VisualScripting.IonicZip.dll
Native extension for WindowsStandalone target not found
Refreshing native plugins compatible for Editor in 0.74 ms, found 2 plugins.
Preloading 0 native plugins for Editor in 0.00 ms.
Mono: successfully reloaded assembly
- Completed reload, in  1.461 seconds
Platform modules already initialized, skipping
Refreshing native plugins compatible for Editor in 0.73 ms, found 2 plugins.
Preloading 0 native plugins for Editor in 0.00 ms.
Unloading 3372 Unused Serialized files (Serialized files now loaded: 0)
System memory in use before: 135.4 MB.
System memory in use after: 135.5 MB.

Unloading 16 unused Assets to reduce memory usage. Loaded Objects now: 4027.
Total: 4.511100 ms (FindLiveObjects: 0.435700 ms CreateObjectMapping: 0.234700 ms MarkObjects: 3.678700 ms  DeleteObjects: 0.160600 ms)

========================================================================
Received Prepare
Registering precompiled user dll's ...
Registered in 0.003195 seconds.
Begin MonoManager ReloadAssembly
Symbol file LoadedFromMemory doesn't match image C:\Users\tujiu\Flappy Brd\Library\PackageCache\com.unity.visualscripting@1.6.1\Editor\VisualScripting.Core\Dependencies\YamlDotNet\Unity.VisualScripting.YamlDotNet.dll
Symbol file LoadedFromMemory doesn't match image C:\Users\tujiu\Flappy Brd\Library\PackageCache\com.unity.visualscripting@1.6.1\Editor\VisualScripting.Core\Dependencies\DotNetZip\Unity.VisualScripting.IonicZip.dll
Native extension for WindowsStandalone target not found
Refreshing native plugins compatible for Editor in 0.64 ms, found 2 plugins.
Preloading 0 native plugins for Editor in 0.00 ms.
Mono: successfully reloaded assembly
- Completed reload, in  1.152 seconds
Platform modules already initialized, skipping
Refreshing native plugins compatible for Editor in 0.64 ms, found 2 plugins.
Preloading 0 native plugins for Editor in 0.00 ms.
Unloading 3372 Unused Serialized files (Serialized files now loaded: 0)
System memory in use before: 135.4 MB.
System memory in use after: 135.5 MB.

Unloading 16 unused Assets to reduce memory usage. Loaded Objects now: 4031.
Total: 3.321100 ms (FindLiveObjects: 0.333000 ms CreateObjectMapping: 0.201900 ms MarkObjects: 2.667800 ms  DeleteObjects: 0.117200 ms)

========================================================================
Received Prepare
Registering precompiled user dll's ...
Registered in 0.003857 seconds.
Begin MonoManager ReloadAssembly
Symbol file LoadedFromMemory doesn't match image C:\Users\tujiu\Flappy Brd\Library\PackageCache\com.unity.visualscripting@1.6.1\Editor\VisualScripting.Core\Dependencies\YamlDotNet\Unity.VisualScripting.YamlDotNet.dll
Symbol file LoadedFromMemory doesn't match image C:\Users\tujiu\Flappy Brd\Library\PackageCache\com.unity.visualscripting@1.6.1\Editor\VisualScripting.Core\Dependencies\DotNetZip\Unity.VisualScripting.IonicZip.dll
Native extension for WindowsStandalone target not found
Refreshing native plugins compatible for Editor in 0.69 ms, found 2 plugins.
Preloading 0 native plugins for Editor in 0.00 ms.
Mono: successfully reloaded assembly
- Completed reload, in  1.906 seconds
Platform modules already initialized, skipping
Refreshing native plugins compatible for Editor in 0.66 ms, found 2 plugins.
Preloading 0 native plugins for Editor in 0.00 ms.
Unloading 3372 Unused Serialized files (Serialized files now loaded: 0)
System memory in use before: 135.4 MB.
System memory in use after: 135.5 MB.

Unloading 16 unused Assets to reduce memory usage. Loaded Objects now: 4035.
Total: 2.856600 ms (FindLiveObjects: 0.311300 ms CreateObjectMapping: 0.168500 ms MarkObjects: 2.274500 ms  DeleteObjects: 0.101500 ms)

========================================================================
Received Prepare
Registering precompiled user dll's ...
Registered in 0.003770 seconds.
Begin MonoManager ReloadAssembly
Symbol file LoadedFromMemory doesn't match image C:\Users\tujiu\Flappy Brd\Library\PackageCache\com.unity.visualscripting@1.6.1\Editor\VisualScripting.Core\Dependencies\YamlDotNet\Unity.VisualScripting.YamlDotNet.dll
Symbol file LoadedFromMemory doesn't match image C:\Users\tujiu\Flappy Brd\Library\PackageCache\com.unity.visualscripting@1.6.1\Editor\VisualScripting.Core\Dependencies\DotNetZip\Unity.VisualScripting.IonicZip.dll
Native extension for WindowsStandalone target not found
Refreshing native plugins compatible for Editor in 1.11 ms, found 2 plugins.
Preloading 0 native plugins for Editor in 0.00 ms.
Mono: successfully reloaded assembly
- Completed reload, in  1.441 seconds
Platform modules already initialized, skipping
Refreshing native plugins compatible for Editor in 0.71 ms, found 2 plugins.
Preloading 0 native plugins for Editor in 0.00 ms.
Unloading 3372 Unused Serialized files (Serialized files now loaded: 0)
System memory in use before: 135.4 MB.
System memory in use after: 135.5 MB.

Unloading 16 unused Assets to reduce memory usage. Loaded Objects now: 4039.
Total: 6.030200 ms (FindLiveObjects: 0.417800 ms CreateObjectMapping: 0.304900 ms MarkObjects: 5.085800 ms  DeleteObjects: 0.220000 ms)

========================================================================
Received Prepare
Registering precompiled user dll's ...
Registered in 0.018312 seconds.
Begin MonoManager ReloadAssembly
Symbol file LoadedFromMemory doesn't match image C:\Users\tujiu\Flappy Brd\Library\PackageCache\com.unity.visualscripting@1.6.1\Editor\VisualScripting.Core\Dependencies\YamlDotNet\Unity.VisualScripting.YamlDotNet.dll
Symbol file LoadedFromMemory doesn't match image C:\Users\tujiu\Flappy Brd\Library\PackageCache\com.unity.visualscripting@1.6.1\Editor\VisualScripting.Core\Dependencies\DotNetZip\Unity.VisualScripting.IonicZip.dll
Native extension for WindowsStandalone target not found
Refreshing native plugins compatible for Editor in 1.31 ms, found 2 plugins.
Preloading 0 native plugins for Editor in 0.00 ms.
Mono: successfully reloaded assembly
- Completed reload, in  2.626 seconds
Platform modules already initialized, skipping
Refreshing native plugins compatible for Editor in 0.99 ms, found 2 plugins.
Preloading 0 native plugins for Editor in 0.00 ms.
Unloading 3372 Unused Serialized files (Serialized files now loaded: 0)
System memory in use before: 135.5 MB.
System memory in use after: 135.6 MB.

Unloading 16 unused Assets to reduce memory usage. Loaded Objects now: 4043.
Total: 15.968000 ms (FindLiveObjects: 3.141600 ms CreateObjectMapping: 2.536400 ms MarkObjects: 9.010200 ms  DeleteObjects: 1.277800 ms)

AssetImportWorkerClient::OnTransportError - code=2 error=End of file
